<?xml version="1.0" encoding="UTF-8"?>
<!-- Generated by org.testng.reporters.JUnitXMLReporter -->
<testsuite hostname="lenovo-t450" ignored="0" name="Default test" tests="3" failures="0" timestamp="30 Jan 2020 14:12:04 GMT" time="137.984" errors="0">
  <testcase name="TC_SearchTV" time="137.464" classname="com.appium.tests.SearchTV"/>
  <testcase name="TC_SearchTV" time="0.0" classname="com.appium.tests.SearchTV">
    <skipped/>
  </testcase> <!-- TC_SearchTV -->
  <testcase name="TC_SearchTV" time="0.0" classname="com.appium.tests.SearchTV">
    <skipped/>
  </testcase> <!-- TC_SearchTV -->
</testsuite> <!-- Default test -->
